This file contains any messages produced by compilers while
running configure, to aid debugging if configure makes a mistake.

It was created by configure, which was
generated by GNU Autoconf 2.61.  Invocation command line was

  $ configure 

## --------- ##
## Platform. ##
## --------- ##

hostname = arce77-238-dhcp.colorado.edu
uname -m = i386
uname -r = 9.1.0
uname -s = Darwin
uname -v = Darwin Kernel Version 9.1.0: Wed Oct 31 17:46:22 PDT 2007; root:xnu-1228.0.2~1/RELEASE_I386

/usr/bin/uname -p = i386
/bin/uname -X     = unknown

/bin/arch              = unknown
/usr/bin/arch -k       = unknown
/usr/convex/getsysinfo = unknown
/usr/bin/hostinfo      = Mach kernel version:
	 Darwin Kernel Version 9.1.0: Wed Oct 31 17:46:22 PDT 2007; root:xnu-1228.0.2~1/RELEASE_I386
Kernel configured for up to 4 processors.
4 processors are physically available.
4 processors are logically available.
Processor type: i486 (Intel 80486)
Processors active: 0 1 2 3
Primary memory available: 5.00 gigabytes
Default processor set: 70 tasks, 319 threads, 4 processors
Load average: 0.73, Mach factor: 3.26
/bin/machine           = unknown
/usr/bin/oslevel       = unknown
/bin/universe          = unknown

PATH: /usr/bin
PATH: /bin
PATH: /usr/sbin
PATH: /sbin
PATH: /usr/local/bin
PATH: /usr/X11/bin


## ----------- ##
## Core tests. ##
## ----------- ##

configure:1729: checking for a BSD-compatible install
configure:1785: result: /usr/bin/install -c
configure:1796: checking whether build environment is sane
configure:1839: result: yes
configure:1867: checking for a thread-safe mkdir -p
configure:1906: result: ./install-sh -c -d
configure:1919: checking for gawk
configure:1949: result: no
configure:1919: checking for mawk
configure:1949: result: no
configure:1919: checking for nawk
configure:1949: result: no
configure:1919: checking for awk
configure:1935: found /usr/bin/awk
configure:1946: result: awk
configure:1957: checking whether make sets $(MAKE)
configure:1978: result: yes
configure:2215: checking for gcc
configure:2231: found /usr/bin/gcc
configure:2242: result: gcc
configure:2480: checking for C compiler version
configure:2487: gcc --version >&5
i686-apple-darwin9-gcc-4.0.1 (GCC) 4.0.1 (Apple Inc. build 5465)
Copyright (C) 2005 Free Software Foundation, Inc.
This is free software; see the source for copying conditions.  There is NO
warranty; not even for MERCHANTABILITY or FITNESS FOR A PARTICULAR PURPOSE.

configure:2490: $? = 0
configure:2497: gcc -v >&5
Using built-in specs.
Target: i686-apple-darwin9
Configured with: /var/tmp/gcc/gcc-5465~16/src/configure --disable-checking -enable-werror --prefix=/usr --mandir=/share/man --enable-languages=c,objc,c++,obj-c++ --program-transform-name=/^[cg][^.-]*$/s/$/-4.0/ --with-gxx-include-dir=/include/c++/4.0.0 --with-slibdir=/usr/lib --build=i686-apple-darwin9 --with-arch=apple --with-tune=generic --host=i686-apple-darwin9 --target=i686-apple-darwin9
Thread model: posix
gcc version 4.0.1 (Apple Inc. build 5465)
configure:2500: $? = 0
configure:2507: gcc -V >&5
gcc-4.0: argument to `-V' is missing
configure:2510: $? = 1
configure:2533: checking for C compiler default output file name
configure:2560: gcc    conftest.c  >&5
configure:2563: $? = 0
configure:2601: result: a.out
configure:2618: checking whether the C compiler works
configure:2628: ./a.out
configure:2631: $? = 0
configure:2648: result: yes
configure:2655: checking whether we are cross compiling
configure:2657: result: no
configure:2660: checking for suffix of executables
configure:2667: gcc -o conftest    conftest.c  >&5
configure:2670: $? = 0
configure:2694: result: 
configure:2700: checking for suffix of object files
configure:2726: gcc -c   conftest.c >&5
configure:2729: $? = 0
configure:2752: result: o
configure:2756: checking whether we are using the GNU C compiler
configure:2785: gcc -c   conftest.c >&5
configure:2791: $? = 0
configure:2808: result: yes
configure:2813: checking whether gcc accepts -g
configure:2843: gcc -c -g  conftest.c >&5
configure:2849: $? = 0
configure:2948: result: yes
configure:2965: checking for gcc option to accept ISO C89
configure:3039: gcc  -c -g -O2  conftest.c >&5
configure:3045: $? = 0
configure:3068: result: none needed
configure:3097: checking for style of include used by make
configure:3125: result: GNU
configure:3150: checking dependency style of gcc
configure:3241: result: gcc3
configure:3261: checking how to run the C preprocessor
configure:3301: gcc -E  conftest.c
configure:3307: $? = 0
configure:3338: gcc -E  conftest.c
conftest.c:10:28: error: ac_nonexistent.h: No such file or directory
configure:3344: $? = 1
configure: failed program was:
| /* confdefs.h.  */
| #define PACKAGE_NAME ""
| #define PACKAGE_TARNAME ""
| #define PACKAGE_VERSION ""
| #define PACKAGE_STRING ""
| #define PACKAGE_BUGREPORT ""
| #define PACKAGE "hydrotrend"
| #define VERSION "3.0"
| /* end confdefs.h.  */
| #include <ac_nonexistent.h>
configure:3377: result: gcc -E
configure:3406: gcc -E  conftest.c
configure:3412: $? = 0
configure:3443: gcc -E  conftest.c
conftest.c:10:28: error: ac_nonexistent.h: No such file or directory
configure:3449: $? = 1
configure: failed program was:
| /* confdefs.h.  */
| #define PACKAGE_NAME ""
| #define PACKAGE_TARNAME ""
| #define PACKAGE_VERSION ""
| #define PACKAGE_STRING ""
| #define PACKAGE_BUGREPORT ""
| #define PACKAGE "hydrotrend"
| #define VERSION "3.0"
| /* end confdefs.h.  */
| #include <ac_nonexistent.h>
configure:3486: checking whether make sets $(MAKE)
configure:3507: result: yes
configure:3516: checking whether ln -s works
configure:3520: result: yes
configure:3530: checking for ksh
configure:3549: found /bin/ksh
configure:3562: result: /bin/ksh
configure:3573: checking for main in -lm
configure:3602: gcc -o conftest -g -O2   conftest.c -lm   >&5
configure:3608: $? = 0
configure:3626: result: yes
configure:3692: checking for gcc
configure:3719: result: gcc
configure:3957: checking for C compiler version
configure:3964: gcc --version >&5
i686-apple-darwin9-gcc-4.0.1 (GCC) 4.0.1 (Apple Inc. build 5465)
Copyright (C) 2005 Free Software Foundation, Inc.
This is free software; see the source for copying conditions.  There is NO
warranty; not even for MERCHANTABILITY or FITNESS FOR A PARTICULAR PURPOSE.

configure:3967: $? = 0
configure:3974: gcc -v >&5
Using built-in specs.
Target: i686-apple-darwin9
Configured with: /var/tmp/gcc/gcc-5465~16/src/configure --disable-checking -enable-werror --prefix=/usr --mandir=/share/man --enable-languages=c,objc,c++,obj-c++ --program-transform-name=/^[cg][^.-]*$/s/$/-4.0/ --with-gxx-include-dir=/include/c++/4.0.0 --with-slibdir=/usr/lib --build=i686-apple-darwin9 --with-arch=apple --with-tune=generic --host=i686-apple-darwin9 --target=i686-apple-darwin9
Thread model: posix
gcc version 4.0.1 (Apple Inc. build 5465)
configure:3977: $? = 0
configure:3984: gcc -V >&5
gcc-4.0: argument to `-V' is missing
configure:3987: $? = 1
configure:3990: checking whether we are using the GNU C compiler
configure:4042: result: yes
configure:4047: checking whether gcc accepts -g
configure:4182: result: yes
configure:4199: checking for gcc option to accept ISO C89
configure:4302: result: none needed
configure:4322: checking dependency style of gcc
configure:4413: result: gcc3
configure:4432: result: -g -O2
configure:4588: creating ./config.status

## ---------------------- ##
## Running config.status. ##
## ---------------------- ##

This file was extended by config.status, which was
generated by GNU Autoconf 2.61.  Invocation command line was

  CONFIG_FILES    = 
  CONFIG_HEADERS  = 
  CONFIG_LINKS    = 
  CONFIG_COMMANDS = 
  $ ./config.status 

on arce77-238-dhcp.colorado.edu

config.status:619: creating Makefile
config.status:810: executing depfiles commands

## ---------------- ##
## Cache variables. ##
## ---------------- ##

ac_cv_c_compiler_gnu=yes
ac_cv_env_CC_set=
ac_cv_env_CC_value=
ac_cv_env_CFLAGS_set=
ac_cv_env_CFLAGS_value=
ac_cv_env_CPPFLAGS_set=
ac_cv_env_CPPFLAGS_value=
ac_cv_env_CPP_set=
ac_cv_env_CPP_value=
ac_cv_env_LDFLAGS_set=
ac_cv_env_LDFLAGS_value=
ac_cv_env_LIBS_set=
ac_cv_env_LIBS_value=
ac_cv_env_build_alias_set=
ac_cv_env_build_alias_value=
ac_cv_env_host_alias_set=
ac_cv_env_host_alias_value=
ac_cv_env_target_alias_set=
ac_cv_env_target_alias_value=
ac_cv_lib_m_main=yes
ac_cv_objext=o
ac_cv_path_KSH=/bin/ksh
ac_cv_path_install='/usr/bin/install -c'
ac_cv_prog_AWK=awk
ac_cv_prog_CPP='gcc -E'
ac_cv_prog_ac_ct_CC=gcc
ac_cv_prog_cc_c89=
ac_cv_prog_cc_g=yes
ac_cv_prog_make_make_set=yes
am_cv_CC_dependencies_compiler_type=gcc3
am_cv_prog_cc_stdc=

## ----------------- ##
## Output variables. ##
## ----------------- ##

ACLOCAL='${SHELL} /users/kettner/programs/home/hydrotrend/ver_3.0_com_geosciences_BETA2/missing --run aclocal-1.10'
AMDEPBACKSLASH='\'
AMDEP_FALSE='#'
AMDEP_TRUE=''
AMTAR='${SHELL} /users/kettner/programs/home/hydrotrend/ver_3.0_com_geosciences_BETA2/missing --run tar'
AUTOCONF='${SHELL} /users/kettner/programs/home/hydrotrend/ver_3.0_com_geosciences_BETA2/missing --run autoconf'
AUTOHEADER='${SHELL} /users/kettner/programs/home/hydrotrend/ver_3.0_com_geosciences_BETA2/missing --run autoheader'
AUTOMAKE='${SHELL} /users/kettner/programs/home/hydrotrend/ver_3.0_com_geosciences_BETA2/missing --run automake-1.10'
AWK='awk'
CC='gcc'
CCDEPMODE='depmode=gcc3'
CFLAGS='-g -O2'
CPP='gcc -E'
CPPFLAGS=''
CYGPATH_W='echo'
DEFS='-DPACKAGE_NAME=\"\" -DPACKAGE_TARNAME=\"\" -DPACKAGE_VERSION=\"\" -DPACKAGE_STRING=\"\" -DPACKAGE_BUGREPORT=\"\" -DPACKAGE=\"hydrotrend\" -DVERSION=\"3.0\" -DHAVE_LIBM=1'
DEPDIR='.deps'
ECHO_C=''
ECHO_N='-n'
ECHO_T=''
EXEEXT=''
INSTALL_DATA='${INSTALL} -m 644'
INSTALL_PROGRAM='${INSTALL}'
INSTALL_SCRIPT='${INSTALL}'
INSTALL_STRIP_PROGRAM='$(install_sh) -c -s'
KSH='/bin/ksh'
LDFLAGS=''
LIBOBJS=''
LIBS='-lm '
LN_S='ln -s'
LTLIBOBJS=''
MAKEINFO='${SHELL} /users/kettner/programs/home/hydrotrend/ver_3.0_com_geosciences_BETA2/missing --run makeinfo'
OBJEXT='o'
PACKAGE='hydrotrend'
PACKAGE_BUGREPORT=''
PACKAGE_NAME=''
PACKAGE_STRING=''
PACKAGE_TARNAME=''
PACKAGE_VERSION=''
PATH_SEPARATOR=':'
PROGRAM='hydrotrend'
SET_MAKE=''
SHELL='/bin/sh'
STRIP=''
VERSION='3.0'
ac_ct_CC='gcc'
am__fastdepCC_FALSE='#'
am__fastdepCC_TRUE=''
am__include='include'
am__isrc=''
am__leading_dot='.'
am__quote=''
am__tar='${AMTAR} chof - "$$tardir"'
am__untar='${AMTAR} xf -'
bindir='${exec_prefix}/bin'
build_alias=''
datadir='${datarootdir}'
datarootdir='${prefix}/share'
docdir='${datarootdir}/doc/${PACKAGE}'
dvidir='${docdir}'
exec_prefix='${prefix}'
host_alias=''
htmldir='${docdir}'
includedir='${prefix}/include'
infodir='${datarootdir}/info'
install_sh='$(SHELL) /users/kettner/programs/home/hydrotrend/ver_3.0_com_geosciences_BETA2/install-sh'
libdir='${exec_prefix}/lib'
libexecdir='${exec_prefix}/libexec'
localedir='${datarootdir}/locale'
localstatedir='${prefix}/var'
mandir='${datarootdir}/man'
mkdir_p='$(top_builddir)/./install-sh -c -d'
oldincludedir='/usr/include'
pdfdir='${docdir}'
prefix='/usr/local'
program_transform_name='s,x,x,'
psdir='${docdir}'
sbindir='${exec_prefix}/sbin'
sharedstatedir='${prefix}/com'
sysconfdir='${prefix}/etc'
target_alias=''

## ----------- ##
## confdefs.h. ##
## ----------- ##

#define PACKAGE_NAME ""
#define PACKAGE_TARNAME ""
#define PACKAGE_VERSION ""
#define PACKAGE_STRING ""
#define PACKAGE_BUGREPORT ""
#define PACKAGE "hydrotrend"
#define VERSION "3.0"
#define HAVE_LIBM 1

configure: exit 0
